2021-09-22T06:12:31.896Z ERROR Message: New test sheetsting file can not be downloaded. Message is: Only files with binary content can be downloaded. Use Export with Docs Editors files.
2021-09-22T06:12:35.622Z ERROR Message: googleDocstest file can not be downloaded. Message is: Only files with binary content can be downloaded. Use Export with Docs Editors files.
2021-09-22T06:12:46.168Z ERROR Message: Untitled spreadsheet file can not be downloaded. Message is: Only files with binary content can be downloaded. Use Export with Docs Editors files.
2021-09-22T06:19:30.387Z ERROR Message: New test sheetsting file can not be downloaded. Message is: Only files with binary content can be downloaded. Use Export with Docs Editors files.
2021-09-22T06:19:34.019Z ERROR Message: googleDocstest file can not be downloaded. Message is: Only files with binary content can be downloaded. Use Export with Docs Editors files.
2021-09-22T06:19:44.473Z ERROR Message: Untitled spreadsheet file can not be downloaded. Message is: Only files with binary content can be downloaded. Use Export with Docs Editors files.
2021-09-22T06:21:20.213Z ERROR Message: New test sheetsting file can not be downloaded. Message is: Only files with binary content can be downloaded. Use Export with Docs Editors files.
2021-09-22T06:21:23.533Z ERROR Message: googleDocstest file can not be downloaded. Message is: Only files with binary content can be downloaded. Use Export with Docs Editors files.
2021-09-22T06:21:34.296Z ERROR Message: Untitled spreadsheet file can not be downloaded. Message is: Only files with binary content can be downloaded. Use Export with Docs Editors files.
2021-09-22T06:31:10.437Z ERROR Message: New test sheetsting file can not be downloaded. Message is: Only files with binary content can be downloaded. Use Export with Docs Editors files.
2021-09-22T06:31:11.987Z ERROR Message: test sheet file can not be downloaded. Message is: Only files with binary content can be downloaded. Use Export with Docs Editors files.
2021-09-22T06:31:15.320Z ERROR Message: Vikash time sheet file can not be downloaded. Message is: Only files with binary content can be downloaded. Use Export with Docs Editors files.
2021-09-22T06:31:17.190Z ERROR Message: googleDocstest file can not be downloaded. Message is: Only files with binary content can be downloaded. Use Export with Docs Editors files.
2021-09-22T06:31:27.613Z ERROR Message: Untitled spreadsheet file can not be downloaded. Message is: Only files with binary content can be downloaded. Use Export with Docs Editors files.
2021-09-22T08:53:12.487Z ERROR Message: New test sheetsting file can not be downloaded. Message is: Only files with binary content can be downloaded. Use Export with Docs Editors files.
2021-09-22T08:53:14.525Z ERROR Message: test sheet file can not be downloaded. Message is: Only files with binary content can be downloaded. Use Export with Docs Editors files.
2021-09-22T08:53:16.865Z ERROR Message: May 2021 - Rahul Kumar Invoice #RK1008.pdf file can not be downloaded. Message is: undefined
2021-09-22T08:53:19.644Z ERROR Message: Vikash time sheet file can not be downloaded. Message is: Only files with binary content can be downloaded. Use Export with Docs Editors files.
2021-09-22T08:53:21.488Z ERROR Message: googleDocstest file can not be downloaded. Message is: Only files with binary content can be downloaded. Use Export with Docs Editors files.
2021-09-22T08:56:42.401Z ERROR Message: New test sheetsting file can not be downloaded. Message is: Only files with binary content can be downloaded. Use Export with Docs Editors files.
2021-09-22T08:56:44.445Z ERROR Message: test sheet file can not be downloaded. Message is: Only files with binary content can be downloaded. Use Export with Docs Editors files.
2021-09-22T08:56:46.799Z ERROR Message: May 2021 - Rahul Kumar Invoice #RK1008.pdf file can not be downloaded. Message is: undefined
2021-09-22T09:52:38.164Z ERROR Message: New test sheetsting file can not be downloaded. Message is: Only files with binary content can be downloaded. Use Export with Docs Editors files.
2021-09-22T09:52:40.406Z ERROR Message: test sheet file can not be downloaded. Message is: Only files with binary content can be downloaded. Use Export with Docs Editors files.
2021-09-22T09:52:43.887Z ERROR Message: Vikash time sheet file can not be downloaded. Message is: Only files with binary content can be downloaded. Use Export with Docs Editors files.
2021-09-22T09:52:45.936Z ERROR Message: googleDocstest file can not be downloaded. Message is: Only files with binary content can be downloaded. Use Export with Docs Editors files.
2021-09-22T09:52:56.587Z ERROR Message: Untitled spreadsheet file can not be downloaded. Message is: Only files with binary content can be downloaded. Use Export with Docs Editors files.
2021-09-22T10:08:28.026Z ERROR Message: New test sheetsting file can not be downloaded. Message is: Only files with binary content can be downloaded. Use Export with Docs Editors files.
2021-09-22T10:08:29.862Z ERROR Message: test sheet file can not be downloaded. Message is: Only files with binary content can be downloaded. Use Export with Docs Editors files.
2021-09-22T10:08:33.752Z ERROR Message: Vikash time sheet file can not be downloaded. Message is: Only files with binary content can be downloaded. Use Export with Docs Editors files.
2021-09-22T10:08:36.005Z ERROR Message: googleDocstest file can not be downloaded. Message is: Only files with binary content can be downloaded. Use Export with Docs Editors files.
2021-09-22T10:08:47.272Z ERROR Message: Untitled spreadsheet file can not be downloaded. Message is: Only files with binary content can be downloaded. Use Export with Docs Editors files.
2021-09-22T10:18:45.294Z ERROR Message: New test sheetsting: Only files with binary content can be downloaded. Use Export with Docs Editors files.
2021-09-22T10:18:47.539Z ERROR Message: test sheet: Only files with binary content can be downloaded. Use Export with Docs Editors files.
2021-09-22T10:18:51.225Z ERROR Message: Vikash time sheet: Only files with binary content can be downloaded. Use Export with Docs Editors files.
2021-09-22T10:18:53.274Z ERROR Message: googleDocstest: Only files with binary content can be downloaded. Use Export with Docs Editors files.
2021-09-22T10:19:04.540Z ERROR Message: Untitled spreadsheet: Only files with binary content can be downloaded. Use Export with Docs Editors files.
2021-09-22T10:20:53.497Z ERROR Message: New test sheetsting is not Downlodable: Only files with binary content can be downloaded. Use Export with Docs Editors files.
2021-09-22T10:20:55.540Z ERROR Message: test sheet is not Downlodable: Only files with binary content can be downloaded. Use Export with Docs Editors files.
2021-09-22T10:20:59.225Z ERROR Message: Vikash time sheet is not Downlodable: Only files with binary content can be downloaded. Use Export with Docs Editors files.
2021-09-22T10:21:00.864Z ERROR Message: googleDocstest is not Downlodable: Only files with binary content can be downloaded. Use Export with Docs Editors files.
2021-09-22T10:21:11.719Z ERROR Message: Untitled spreadsheet is not Downlodable: Only files with binary content can be downloaded. Use Export with Docs Editors files.
2021-09-23T09:21:41.962Z ERROR Message: New test sheetsting is not downlodable: Only files with binary content can be downloaded. Use Export with Docs Editors files.
2021-09-23T09:21:44.102Z ERROR Message: test sheet is not downlodable: Only files with binary content can be downloaded. Use Export with Docs Editors files.
2021-09-23T09:21:48.608Z ERROR Message: Vikash time sheet is not downlodable: Only files with binary content can be downloaded. Use Export with Docs Editors files.
2021-09-23T09:21:50.862Z ERROR Message: googleDocstest is not downlodable: Only files with binary content can be downloaded. Use Export with Docs Editors files.
2021-09-23T09:22:04.949Z ERROR Message: Untitled spreadsheet is not downlodable: Only files with binary content can be downloaded. Use Export with Docs Editors files.
2021-09-24T06:52:40.209Z ERROR Message: New test sheetsting is not downlodable: Only files with binary content can be downloaded. Use Export with Docs Editors files.
2021-09-24T06:52:42.659Z ERROR Message: test sheet is not downlodable: Only files with binary content can be downloaded. Use Export with Docs Editors files.
2021-09-24T06:52:47.166Z ERROR Message: Vikash time sheet is not downlodable: Only files with binary content can be downloaded. Use Export with Docs Editors files.
2021-09-24T06:52:49.419Z ERROR Message: googleDocstest is not downlodable: Only files with binary content can be downloaded. Use Export with Docs Editors files.
2021-09-24T06:53:01.913Z ERROR Message: Untitled spreadsheet is not downlodable: Only files with binary content can be downloaded. Use Export with Docs Editors files.
2021-09-24T06:55:59.276Z ERROR Message: New test sheetsting is not downlodable: Only files with binary content can be downloaded. Use Export with Docs Editors files.
2021-09-24T06:56:01.113Z ERROR Message: test sheet is not downlodable: Only files with binary content can be downloaded. Use Export with Docs Editors files.
2021-09-24T06:56:04.799Z ERROR Message: Vikash time sheet is not downlodable: Only files with binary content can be downloaded. Use Export with Docs Editors files.
2021-09-24T06:56:06.642Z ERROR Message: googleDocstest is not downlodable: Only files with binary content can be downloaded. Use Export with Docs Editors files.
2021-09-24T06:56:18.724Z ERROR Message: Untitled spreadsheet is not downlodable: Only files with binary content can be downloaded. Use Export with Docs Editors files.
2021-09-24T07:00:49.068Z ERROR Message: New test sheetsting is not downlodable: Only files with binary content can be downloaded. Use Export with Docs Editors files.
2021-09-24T07:00:51.315Z ERROR Message: test sheet is not downlodable: Only files with binary content can be downloaded. Use Export with Docs Editors files.
2021-09-24T07:01:57.063Z ERROR Message: New test sheetsting is not downlodable: Only files with binary content can be downloaded. Use Export with Docs Editors files.
2021-09-24T07:01:58.899Z ERROR Message: test sheet is not downlodable: Only files with binary content can be downloaded. Use Export with Docs Editors files.
2021-09-24T07:02:02.790Z ERROR Message: Vikash time sheet is not downlodable: Only files with binary content can be downloaded. Use Export with Docs Editors files.
2021-09-24T07:02:05.248Z ERROR Message: googleDocstest is not downlodable: Only files with binary content can be downloaded. Use Export with Docs Editors files.
2021-09-24T07:02:18.970Z ERROR Message: Untitled spreadsheet is not downlodable: Only files with binary content can be downloaded. Use Export with Docs Editors files.
2021-09-24T07:04:41.311Z ERROR Message: New test sheetsting is not downlodable: Only files with binary content can be downloaded. Use Export with Docs Editors files.
2021-09-24T07:04:43.353Z ERROR Message: test sheet is not downlodable: Only files with binary content can be downloaded. Use Export with Docs Editors files.
2021-09-24T07:04:47.653Z ERROR Message: Vikash time sheet is not downlodable: Only files with binary content can be downloaded. Use Export with Docs Editors files.
2021-09-24T07:04:49.496Z ERROR Message: googleDocstest is not downlodable: Only files with binary content can be downloaded. Use Export with Docs Editors files.
2021-09-24T07:05:03.220Z ERROR Message: Untitled spreadsheet is not downlodable: Only files with binary content can be downloaded. Use Export with Docs Editors files.
2021-09-24T07:10:20.256Z ERROR Message: New test sheetsting is not downlodable: Only files with binary content can be downloaded. Use Export with Docs Editors files.
2021-09-24T07:10:22.298Z ERROR Message: test sheet is not downlodable: Only files with binary content can be downloaded. Use Export with Docs Editors files.
2021-09-24T07:10:26.804Z ERROR Message: Vikash time sheet is not downlodable: Only files with binary content can be downloaded. Use Export with Docs Editors files.
2021-09-24T07:10:28.852Z ERROR Message: googleDocstest is not downlodable: Only files with binary content can be downloaded. Use Export with Docs Editors files.
2021-09-24T07:10:42.163Z ERROR Message: Untitled spreadsheet is not downlodable: Only files with binary content can be downloaded. Use Export with Docs Editors files.
2021-09-24T07:12:38.299Z ERROR Message: New test sheetsting is not downlodable: Only files with binary content can be downloaded. Use Export with Docs Editors files.
2021-09-24T07:12:40.130Z ERROR Message: test sheet is not downlodable: Only files with binary content can be downloaded. Use Export with Docs Editors files.
2021-09-24T07:12:45.251Z ERROR Message: Vikash time sheet is not downlodable: Only files with binary content can be downloaded. Use Export with Docs Editors files.
2021-09-24T07:12:47.503Z ERROR Message: googleDocstest is not downlodable: Only files with binary content can be downloaded. Use Export with Docs Editors files.
2021-09-24T07:13:01.224Z ERROR Message: Untitled spreadsheet is not downlodable: Only files with binary content can be downloaded. Use Export with Docs Editors files.
2021-09-24T07:14:36.665Z ERROR Message: New test sheetsting is not downlodable: Only files with binary content can be downloaded. Use Export with Docs Editors files.
2021-09-24T07:14:38.504Z ERROR Message: test sheet is not downlodable: Only files with binary content can be downloaded. Use Export with Docs Editors files.
2021-09-24T07:14:42.600Z ERROR Message: Vikash time sheet is not downlodable: Only files with binary content can be downloaded. Use Export with Docs Editors files.
2021-09-24T07:14:44.648Z ERROR Message: googleDocstest is not downlodable: Only files with binary content can be downloaded. Use Export with Docs Editors files.
2021-09-24T07:14:56.526Z ERROR Message: Untitled spreadsheet is not downlodable: Only files with binary content can be downloaded. Use Export with Docs Editors files.
2021-09-24T07:16:35.655Z ERROR Message: New test sheetsting is not downlodable: Only files with binary content can be downloaded. Use Export with Docs Editors files.
2021-09-24T07:16:37.903Z ERROR Message: test sheet is not downlodable: Only files with binary content can be downloaded. Use Export with Docs Editors files.
2021-09-24T07:16:42.407Z ERROR Message: Vikash time sheet is not downlodable: Only files with binary content can be downloaded. Use Export with Docs Editors files.
2021-09-24T07:16:44.661Z ERROR Message: googleDocstest is not downlodable: Only files with binary content can be downloaded. Use Export with Docs Editors files.
2021-09-24T07:16:55.925Z ERROR Message: Untitled spreadsheet is not downlodable: Only files with binary content can be downloaded. Use Export with Docs Editors files.
2021-09-24T07:18:14.983Z ERROR Message: New test sheetsting is not downlodable: Only files with binary content can be downloaded. Use Export with Docs Editors files.
2021-09-24T07:18:17.230Z ERROR Message: test sheet is not downlodable: Only files with binary content can be downloaded. Use Export with Docs Editors files.
2021-09-24T07:18:21.326Z ERROR Message: Vikash time sheet is not downlodable: Only files with binary content can be downloaded. Use Export with Docs Editors files.
2021-09-24T07:18:23.170Z ERROR Message: googleDocstest is not downlodable: Only files with binary content can be downloaded. Use Export with Docs Editors files.
2021-09-24T07:18:33.819Z ERROR Message: Untitled spreadsheet is not downlodable: Only files with binary content can be downloaded. Use Export with Docs Editors files.
2021-09-24T08:41:09.766Z ERROR Message: New test sheetsting is not downlodable: Only files with binary content can be downloaded. Use Export with Docs Editors files.
2021-09-24T08:41:12.009Z ERROR Message: test sheet is not downlodable: Only files with binary content can be downloaded. Use Export with Docs Editors files.
2021-09-24T08:41:15.900Z ERROR Message: Vikash time sheet is not downlodable: Only files with binary content can be downloaded. Use Export with Docs Editors files.
2021-09-24T08:41:18.256Z ERROR Message: googleDocstest is not downlodable: Only files with binary content can be downloaded. Use Export with Docs Editors files.
2021-09-24T08:41:35.632Z ERROR Message: Untitled spreadsheet is not downlodable: Only files with binary content can be downloaded. Use Export with Docs Editors files.
2021-09-24T09:10:39.942Z ERROR Message: New test sheetsting is not downlodable: Only files with binary content can be downloaded. Use Export with Docs Editors files.
2021-09-24T09:10:41.876Z ERROR Message: test sheet is not downlodable: Only files with binary content can be downloaded. Use Export with Docs Editors files.
2021-09-24T09:10:46.690Z ERROR Message: Vikash time sheet is not downlodable: Only files with binary content can be downloaded. Use Export with Docs Editors files.
2021-09-24T09:10:49.147Z ERROR Message: googleDocstest is not downlodable: Only files with binary content can be downloaded. Use Export with Docs Editors files.
2021-09-24T09:11:01.640Z ERROR Message: Untitled spreadsheet is not downlodable: Only files with binary content can be downloaded. Use Export with Docs Editors files.
2021-09-24T09:19:04.565Z ERROR Message: New test sheetsting is not downlodable: Only files with binary content can be downloaded. Use Export with Docs Editors files.
2021-09-24T09:19:06.607Z ERROR Message: test sheet is not downlodable: Only files with binary content can be downloaded. Use Export with Docs Editors files.
2021-09-24T09:19:10.908Z ERROR Message: Vikash time sheet is not downlodable: Only files with binary content can be downloaded. Use Export with Docs Editors files.
2021-09-24T09:19:13.161Z ERROR Message: googleDocstest is not downlodable: Only files with binary content can be downloaded. Use Export with Docs Editors files.
2021-09-24T09:19:25.039Z ERROR Message: Untitled spreadsheet is not downlodable: Only files with binary content can be downloaded. Use Export with Docs Editors files.
2021-09-25T04:56:45.964Z ERROR Message: New test sheetsting is not downlodable: Only files with binary content can be downloaded. Use Export with Docs Editors files.
2021-09-25T04:56:47.927Z ERROR Message: test sheet is not downlodable: Only files with binary content can be downloaded. Use Export with Docs Editors files.
2021-09-25T04:56:50.074Z ERROR Message: Cannot read property 'push' of undefined
2021-09-25T04:56:51.696Z ERROR Message: Vikash time sheet is not downlodable: Only files with binary content can be downloaded. Use Export with Docs Editors files.
2021-09-25T04:56:53.795Z ERROR Message: googleDocstest is not downlodable: Only files with binary content can be downloaded. Use Export with Docs Editors files.
2021-09-25T04:56:56.473Z ERROR Message: Cannot read property 'push' of undefined
2021-09-25T04:56:58.090Z ERROR Message: Cannot read property 'push' of undefined
2021-09-25T04:57:00.585Z ERROR Message: Cannot read property 'push' of undefined
2021-09-25T04:57:02.384Z ERROR Message: Cannot read property 'push' of undefined
2021-09-25T04:57:04.342Z ERROR Message: Untitled spreadsheet is not downlodable: Only files with binary content can be downloaded. Use Export with Docs Editors files.
2021-09-25T04:57:06.178Z ERROR Message: Cannot read property 'push' of undefined
2021-09-25T04:57:08.339Z ERROR Message: Cannot read property 'push' of undefined
2021-09-25T04:58:23.576Z ERROR Message: New test sheetsting is not downlodable: Only files with binary content can be downloaded. Use Export with Docs Editors files.
2021-09-25T04:58:25.136Z ERROR Message: test sheet is not downlodable: Only files with binary content can be downloaded. Use Export with Docs Editors files.
2021-09-25T04:58:28.347Z ERROR Message: Vikash time sheet is not downlodable: Only files with binary content can be downloaded. Use Export with Docs Editors files.
2021-09-25T04:58:29.885Z ERROR Message: googleDocstest is not downlodable: Only files with binary content can be downloaded. Use Export with Docs Editors files.
2021-09-25T04:58:39.546Z ERROR Message: Untitled spreadsheet is not downlodable: Only files with binary content can be downloaded. Use Export with Docs Editors files.
2021-09-25T05:16:31.155Z ERROR Message: New test sheetsting is not downlodable: Only files with binary content can be downloaded. Use Export with Docs Editors files.
2021-09-25T05:16:33.092Z ERROR Message: test sheet is not downlodable: Only files with binary content can be downloaded. Use Export with Docs Editors files.
2021-09-25T05:16:37.388Z ERROR Message: Vikash time sheet is not downlodable: Only files with binary content can be downloaded. Use Export with Docs Editors files.
2021-09-25T05:16:39.485Z ERROR Message: googleDocstest is not downlodable: Only files with binary content can be downloaded. Use Export with Docs Editors files.
2021-09-25T05:16:51.122Z ERROR Message: Untitled spreadsheet is not downlodable: Only files with binary content can be downloaded. Use Export with Docs Editors files.
2021-09-25T05:27:36.194Z ERROR Message: New test sheetsting is not downlodable: Only files with binary content can be downloaded. Use Export with Docs Editors files.
2021-09-25T05:27:38.534Z ERROR Message: test sheet is not downlodable: Only files with binary content can be downloaded. Use Export with Docs Editors files.
2021-09-25T05:27:43.040Z ERROR Message: Vikash time sheet is not downlodable: Only files with binary content can be downloaded. Use Export with Docs Editors files.
2021-09-25T05:27:45.292Z ERROR Message: googleDocstest is not downlodable: Only files with binary content can be downloaded. Use Export with Docs Editors files.
2021-09-25T05:27:57.583Z ERROR Message: Untitled spreadsheet is not downlodable: Only files with binary content can be downloaded. Use Export with Docs Editors files.
2021-09-25T05:31:11.328Z ERROR Message: New test sheetsting is not downlodable: Only files with binary content can be downloaded. Use Export with Docs Editors files.
2021-09-25T05:31:13.165Z ERROR Message: test sheet is not downlodable: Only files with binary content can be downloaded. Use Export with Docs Editors files.
2021-09-25T05:31:17.261Z ERROR Message: Vikash time sheet is not downlodable: Only files with binary content can be downloaded. Use Export with Docs Editors files.
2021-09-25T05:31:19.310Z ERROR Message: googleDocstest is not downlodable: Only files with binary content can be downloaded. Use Export with Docs Editors files.
2021-09-25T05:31:31.597Z ERROR Message: Untitled spreadsheet is not downlodable: Only files with binary content can be downloaded. Use Export with Docs Editors files.
